47 37 19 6 30 11 28 49 34 25 15 4 2 5 24 39 43 23 12 46 31 36 38 42 44 27 16 20 18 10 45 48 8 32 26 14 7 1 13 40 22 50 3 33 41 9 21 17 35 29
12 21 22 18 20 14 13 17 4 1 7 24 26 9 19 11 8 3 16 10 5 25 2 15 6 23
25 8 27 11 14 3 7 19 30 24 1 16 26 13 15 21 6 29 18 5 2 4 9 12 10 23 22 17 28 20
43 44 34 36 35 25 27 26 16 18 17 7 9 8 41 40 42 31 33 32 22 24 23 13 15 14 4 6 5 2 3 1 11 12 10 20 21 19 29 30 28 39 37 38
38 30 31 26 3 44 24 25 17 39 45 13 49 48 11 50 14 42 10 37 20 6 21 7 33 4 15 9 2 22 35 12 32 36 8 29 34 1 16 19 47 27 46 18 5 40 43 28 41 23
24 19 17 37 14 10 15 50 34 48 8 44 3 33 13 23 39 1 30 40 9 22 32 12 47 27 20 38 26 11 6 49 25 21 18 35 31 41 42 5 29 7 36 4 46 28 43 16 45 2
42 23 11 17 39 40 48 49 12 5 22 3 50 16 24 28 33 30 41 44 8 37 46 36 2 10 18 34 32 25 15 1 14 20 7 29 45 27 43 47 4 6 38 31 26 9 19 13 21 35
17 13 41 8 34 24 9 16 46 25 40 35 50 28 15 18 7 33 49 48 4 2 42 45 20 21 47 23 14 38 3 43 19 1 26 29 30 5 6 10 12 36 44 32 37 11 27 31 39 22
50 49 48 45 44 43 42 41 40 47 46 27 28 29 30 21 20 19 39 38 37 36 35 34 22 4 24 25 26 33 32 31 2 1 3 23 5 6 7 8 9 10 11 12 13 14 15 16 17 18
28 22 18 17 42 35 33 48 6 31 45 7 24 8 47 16 4 23 37 41 12 9 34 13 38 19 49 14 20 32 10 50 5 44 1 29 26 36 30 27 25 40 15 21 43 3 39 11 2 46
16 1 7 23 5 21 2 13 26 25 31 46 14 36 32 20 35 4 44 30 3 43 19 47 12 22 6 39 48 45 17 18 34 42 37 29 24 28 41 10 40 33 15 9 27 11 8 38
20 19 18 22 23 24 17 9 25 32 31 30 26 27 28 29 37 36 35 34 38 39 40 33 45 41 48 47 46 42 43 44 4 3 2 1 8 7 6 5 21 13 12 11 10 14 15 16
8 5 30 25 15 3 24 10 27 6 21 19 4 17 13 9 18 23 20 12 2 26 31 16 32 29 28 1 22 14 11 7
44 49 29 23 3 19 39 43 36 13 8 12 41 46 33 16 1 17 37 45 34 18 9 22 27 48 32 14 5 21 26 11 2 24 28 40 31 20 7 10 38 50 30 25 42 47 35 15 4 6
1 8 12 9 15 2 14 5 3 10 16 13 7 4 11 6
12 16 19 6 26 23 13 4 24 8 20 5 11 7 25 1 22 9 15 18 3 14 10 2 21 17
39 6 14 29 3 13 38 19 31 28 8 10 47 7 43 4 1 2 42 41 17 32 44 46 49 45 12 23 50 15 27 35 34 9 11 40 36 16 5 48 33 20 18 24 21 22 25 30 37 26
3 1 6 4 2 5
1 2 3 4 5 6 7 8 45 17 25 19 49 50 27 44 33 35 23 42 13 29 28 40 37 38 18 39 43 10 48 21 16 15 41 24 30 14 26 20 31 34 46 32 11 22 12 36 9 47
39 38 37 33 34 35 36 32 20 19 18 17 21 22 23 16 24 31 30 29 25 26 27 28 48 7 6 5 1 2 3 4 44 43 42 41 45 46 47 40 12 11 10 9 13 14 15 8
33 20 35 12 31 27 40 38 36 21 16 18 49 3 47 14 37 44 50 28 42 10 6 17 15 41 29 39 25 8 45 26 24 9 43 4 34 2 22 19 5 48 11 30 23 1 13 32 7 46
45 32 37 47 14 12 43 2 26 25 36 6 42 38 11 13 5 24 16 15 44 46 35 17 33 10 39 23 1 31 4 19 27 9 20 41 30 29 40 18 34 8 49 50 7 48 21 3 22 28
23 31 40 42 36 15 16 18 34 33 12 30 32 17 38 39 29 27 3 28 13 44 25 10 7 4 8 1 5 35 46 26 11 24 45 19 49 14 48 22 21 50 9 47 41 2 6 37 20 43
9 14 40 47 25 2 50 8 19 34 7 4 13 48 29 17 24 32 26 35 1 6 15 5 44 21 38 37 28 27 46 41 30 10 45 16 22 31 36 20 49 43 3 11 23 42 12 39 18 33
31 13 20 21 14 40 16 30 10 3 33 27 50 46 4 25 44 49 36 15 28 7 26 17 38 45 22 23 1 39 42 6 12 37 2 34 47 18 5 41 35 29 24 11 9 48 19 43 8 32
44 30 5 18 48 7 34 15 3 8 46 39 2 41 40 23 16 10 20 19 9 22 49 26 50 37 11 12 1 38 32 28 35 36 24 27 17 47 4 6 21 42 31 43 29 33 14 25 13 45
9 12 48 21 2 23 15 1 29 10 17 43 6 36 19 44 13 47 35 32 26 22 18 50 34 28 46 40 33 25 7 38 42 30 3 24 14 31 8 45 27 41 49 37 5 11 4 16 20 39
8 22 50 15 45 2 44 16 36 20 13 39 28 32 14 27 19 33 6 42 3 34 37 35 18 17 26 47 21 46 23 25 41 11 1 38 9 48 49 40 10 24 5 12 31 7 30 4 29 43
19 14 9 13 36 43 2 29 3 12 30 7 4 44 23 42 47 16 34 6 10 50 25 1 49 31 11 21 18 5 38 48 8 32 24 41 26 40 28 20 22 35 17 39 45 46 37 33 15 27
29 23 46 8 22 2 30 44 38 27 43 17 24 26 4 48 40 39 7 37 16 20 3 49 13 12 14 33 31 28 42 50 47 9 11 5 19 41 1 36 6 34 35 21 25 45 15 10 18 32
10 9 13 12 16 15 14 22 23 24 20 21 17 18 19 35 11 27 26 25 29 28 32 31 30 3 2 1 5 4 8 7 6 43 42 41 45 44 48 47 46 38 39 40 36 37 33 34
36 31 23 30 37 4 10 2 11 6 49 50 46 45 9 26 42 15 3 1 17 39 32 13 21 12 38 48 33 22 14 8 43 35 41 18 20 28 47 29 44 16 24 34 19 7 25 27 5 40
25 50 1 26 2 27 3 28 4 29 5 30 6 31 7 32 8 33 9 34 10 35 11 36 12 37 13 38 14 39 15 40 16 41 17 42 18 43 19 44 20 45 21 46 22 47 23 48 24 49
41 34 30 18 25 6 50 29 47 15 14 26 33 39 12 9 13 37 48 28 22 3 1 42 45 38 23 17 20 40 44 36 19 5 49 4 24 11 31 32 27 2 7 16 35 43 46 10 21 8
6 29 49 5 8 15 2 16 47 45 18 40 36 25 4 11 22 24 43 13 9 12 33 17 44 46 14 31 35 20 3 42 50 7 10 1 28 34 19 23 26 37 48 39 27 30 38 41 21 32
5 12 14 9 4 10 2 19 13 3 15 1 6 20 16 7 18 17 11 8
30 6 31 7 32 8 33 9 34 10 35 11 36 12 37 13 38 14 39 15 40 16 41 17 42 18 43 19 44 20 45 21 46 22 47 23 48 24 49 3 28 4 29 5 25 50 1 26 2 27
12 24 38 17 8 34 31 45 6 41 9 50 14 15 46 4 20 13 39 36 22 21 18 35 40 11 23 3 5 42 32 43 47 48 16 37 44 25 27 49 30 7 28 10 29 19 2 26 1 33
19 14 21 46 49 45 15 6 9 33 30 27 16 5 2 43 17 22 40 35 44 20 10 1 38 28 26 11 3 24 50 29 37 25 23 39 41 47 18 7 4 48 32 42 12 13 8 34 31 36
30 45 22 44 27 6 47 32 41 40 15 14 31 43 17 8 10 49 12 1 36 46 26 38 20 48 21 3 11 39 34 33 5 24 23 9 16 19 37 42 4 18 25 2 7 29 50 35 13 28
5 14 9 11 2 12 6 1 8 7 4 3 10 13
1 5 2 6 3 7 4 8
1 2 3 4 5 6 7 8 9 10 11 12 13 14 15 16 17 18 19 20 21 22 23 24 25 26 27 28 29 30 31 32 33 34 35 36 37 38 39 40 41 42 43 44 45 46 47 48
9 13 12 16 15 14 3 2 1 5 4 8 7 6 19 18 17 21 20 24 23 22 11 10
49 40 1 19 2 43 39 11 7 22 37 9 25 38 21 6 33 15 13 27 16 23 4 36 46 45 10 48 44 17 5 28 29 3 12 41 30 42 35 34 50 32 14 18 47 26 8 24 31 20
34 10 46 39 24 14 42 44 27 40 8 38 33 36 11 35 2 37 49 41 29 18 28 12 21 25 5 7 13 16 6 9 47 3 23 20 4 30 17 32 26 50 45 19 48 31 15 1 43 22
5 8 16 11 13 4 9 3 10 12 14 7 1 15 2 6
16 39 10 28 18 11 29 20 9 21 15 4 35 14 26 33 17 12 34 7 8 2 1 40 30 32 6 25 27 37 36 22 13 5 3 19 24 38 31 23
1 41 50 3 46 13 9 39 16 26 40 48 30 27 32 23 43 12 22 37 24 29 36 11 2 4 33 45 35 42 21 17 20 8 38 18 31 14 19 25 49 6 7 15 44 10 34 5 47 28
24 30 44 38 32 34 45 19 26 12 21 9 22 6 2 27 33 23 18 31 29 11 28 8 5 4 13 41 17 20 46 36 37 50 1 47 48 43 3 14 49 35 42 39 25 40 15 10 16 7
12 7 23 45 25 29 16 37 42 28 6 8 38 48 36 39 31 4 33 43 1 22 18 17 44 13 11 9 2 41 21 49 30 10 20 26 14 40 32 50 34 47 24 15 27 3 5 19 35 46
21 20 19 18 14 13 12 11 10 45 46 47 48 49 50 7 6 5 4 3 2 1 17 22 23 8 9 43 44 42 16 40 39 38 37 36 35 34 33 32 31 30 29 28 27 26 25 24 15 41
11 9 1 15 16 5 32 17 28 18 13 2 31 24 33 34 3 30 4 6 14 22 10 21 23 12 19 27 8 26 29 20 7 25
12 31 13 38 39 34 48 9 42 3 44 46 15 22 5 21 29 30 4 28 19 49 18 10 27 43 17 50 36 37 26 23 14 45 1 20 47 33 41 40 7 25 8 35 16 24 11 2 32 6
23 6 22 27 15 18 26 28 48 3 14 20 33 10 39 50 25 41 16 37 45 30 31 17 47 4 24 35 13 19 34 9 2 11 44 29 1 7 43 38 21 49 32 42 8 40 5 12 46 36
20 32 1 3 35 5 12 2 31 21 9 7 11 38 22 16 29 14 33 24 37 18 13 40 10 15 26 19 6 27 4 30 28 36 39 34 25 17 8 23
14 11 6 7 23 13 2 9 8 1 12 20 10 3 16 5 4 21 17 19 24 22 15 18
49 50 1 2 3 4 5 6 7 8 9 10 11 12 13 14 15 16 17 18 19 20 21 22 23 24 25 26 27 28 29 30 31 32 33 34 35 36 37 38 39 40 41 42 43 44 45 46 47 48
1 8 7 6 2 3 4 5 25 21 20 19 18 22 23 24 17 45 44 43 42 46 47 48 41 13 12 11 10 14 15 16 9 37 36 35 34 38 39 40 33 29 28 27 26 30 31 32
50 7 1 17 45 33 42 27 46 15 8 22 49 31 12 20 47 9 13 48 44 19 11 29 25 18 38 24 4 16 6 32 23 28 43 40 5 21 35 30 26 14 41 2 10 36 37 34 3 39
1 5 4 6 2 3
15 16 48 24 9 36 10 14 29 2 33 5 4 8 7 47 19 11 18 21 20 34 1 22 30 31 32 13 3 25 26 27 46 28 41 12 17 44 42 43 23 38 45 39 37 6 40 35
9 6 2 7 5 1 4 3 8 10
4 6 2 3 5 1
1 2 3 4 5 6 7 8 9 10 11 12 13 14 15 16 17 18 19 20 21 22 23 24 25 26 27 28 29 30 31 32 33 34 35 36 37 38 39 40 41 42 43 44 45 46 47 48 49 50
1 49 29 41 44 19 46 48 6 25 16 28 47 5 30 20 37 21 3 26 15 33 2 43 45 18 7 17 14 27 34 42 12 9 11 35 13 23 36 38 4 10 24 22 8 50 32 31 40 39
6 5 2 3 1 4 7 9 8 10 12 13 11 14 16 19 18 15 17 20 22 21 23 25 24 26 29 27 30 28 31 32 34 37 36 33 35 38 40 41 39 42 43 45 48 46 44 47 49 50
2 9 8 7 3 4 5 6 46 45 44 43 47 48 1 42 18 25 24 23 19 20 21 22 34 41 40 39 35 36 37 38 14 13 12 11 15 16 17 10 26 30 29 28 27 31 32 33
8 10 13 16 27 15 3 11 5 25 28 22 6 2 9 17 19 26 14 21 18 23 4 24 20 12 1 7
46 10 37 8 50 19 48 2 1 3 47 22 49 23 44 4 29 7 43 20 41 6 31 21 28 16 45 17 32 15 34 13 30 9 33 24 27 26 25 42 5 38 12 35 14 39 11 36 18 40
23 11 33 25 9 46 41 20 26 22 42 21 5 28 1 8 31 37 47 14 50 44 17 34 48 45 24 27 16 7 39 12 32 3 35 18 49 4 6 15 29 19 43 2 13 30 36 38 10 40
9 14 20 15 43 3 16 38 50 11 46 26 30 24 18 31 25 27 42 12 49 44 41 13 48 37 28 39 35 19 40 29 33 34 45 4 10 32 8 2 17 21 1 7 23 5 36 22 47 6
13 45 8 6 28 30 11 22 25 32 39 48 1 49 40 35 20 19 31 36 26 2 33 17 15 10 50 5 46 4 18 29 27 42 3 44 14 7 47 9 16 12 43 41 34 23 38 37 24 21
40 9 42 43 25 5 44 33 46 45 31 48 35 3 23 18 1 12 34 24 11 37 14 2 41 19 4 47 30 17 29 22 27 6 32 7 13 38 49 20 15 36 10 16 21 50 28 26 8 39
14 15 16 12 13 9 10 11 6 5 1 2 3 4 8 7
29 47 5 9 22 13 18 33 44 49 37 26 25 30 21 36 19 27 20 46 11 38 2 23 39 16 41 50 10 28 8 1 43 35 6 34 32 40 17 12 45 3 15 31 7 4 42 24 14 48
7 48 41 43 46 47 19 45 30 15 23 35 12 38 1 36 49 21 33 37 24 16 34 39 9 29 42 10 27 4 20 2 5 22 25 8 11 26 28 32 6 3 31 40 18 17 14 50 13 44
3 23 17 24 9 48 34 40 36 45 44 16 7 5 1 20 30 21 28 15 29 50 35 13 49 6 42 31 38 8 46 18 41 39 11 25 10 37 32 27 19 22 2 12 26 4 14 43 47 33
8 1 5 6 4 3 10 2 7 9
17 16 15 14 13 12 11 10 9 8 7 6 5 4 3 2 1 18 19 20
