19 31 14 37 20 47 48 42 16 38 34 11 30 26 15 18 40 4 10 32 27 46 3 12 29 35 7 23 25 28 21 33 45 13 43 6 36 44 9 24 8 17 5 1 22 41 39 2
44 43 48 45 46 47 6 3 4 5 8 7 12 9 10 11 14 13 18 15 16 17 20 19 24 21 22 1 2 23 26 25 30 27 28 29 32 31 36 33 34 35 38 37 42 39 40 41
44 42 10 8 26 23 34 41 13 24 25 49 47 18 46 38 2 11 27 15 35 6 31 48 17 19 39 40 45 37 28 29 9 20 21 22 7 50 33 3 12 32 30 16 43 14 1 36 4 5
34 38 15 27 46 8 1 41 48 12 9 5 17 25 44 3 7 10 37 18 47 35 33 21 39 45 30 42 49 19 16 6 24 14 36 31 4 2 11 28 26 29 23 43 32 22 13 40 20 50
50 49 48 47 46 45 44 43 42 41 40 39 38 37 36 35 34 33 32 31 30 29 28 27 26 25 24 23 22 21 20 19 18 17 16 15 14 13 12 11 10 9 8 7 6 5 4 3 2 1
21 4 5 20 25 11 7 14 3 1 19 12 24 22 2 18 26 8 13 10 17 6 9 15 16 23
48 40 37 10 3 2 26 38 28 19 20 9 36 33 7 1 50 31 32 23 15 24 42 29 34 4 18 39 47 44 8 25 17 43 27 35 16 11 13 45 30 5 14 22 49 41 46 6 12 21
4 1 8 38 32 37 16 12 17 40 14 11 15 45 42 46 7 34 31 35 6 2 10 49 50 28 22 25 27 24 26 21 29 23 30 47 48 18 39 33 36 19 13 20 43 41 44 5 3 9
25 4 44 34 7 24 3 12 17 10 1 28 41 35 36 22 23 6 31 37 18 2 43 33 32 38 21 11 26 29 20 40 46 13 27 5 14 39 49 48 47 45 8 50 19 15 9 16 42 30
21 9 14 43 33 5 24 49 39 13 47 1 22 19 12 36 17 26 29 6 48 8 44 46 3 32 50 27 20 31 16 34 7 2 15 30 23 4 38 35 18 42 11 41 10 40 37 45 28 25
9 7 22 21 38 32 41 5 2 50 37 29 8 6 46 30 48 20 15 14 27 3 16 24 43 23 11 39 25 40 44 33 13 36 47 31 34 42 12 1 17 19 10 18 26 45 28 49 35 4
28 22 12 3 24 47 4 19 5 2 36 37 43 18 33 46 45 44 31 20 32 1 21 35 23 17 26 15 8 38 49 11 13 7 14 10 29 39 42 9 41 48 27 50 25 40 30 6 16 34
49 40 1 44 7 28 26 50 13 29 23 38 41 5 25 12 15 43 34 16 2 33 17 6 11 19 3 46 31 35 30 18 8 45 22 36 21 42 48 14 4 24 9 20 32 37 27 39 47 10
20 27 9 16 19 28 5 41 1 13 3 4 50 42 10 23 24 48 7 44 32 25 6 15 43 18 26 29 35 12 36 49 47 14 21 33 45 38 39 31 30 8 40 2 22 17 37 46 34 11
32 29 49 4 50 7 24 35 45 23 25 42 12 3 46 14 36 8 13 28 20 38 37 10 11 27 48 16 44 18 15 5 33 41 1 26 2 47 43 19 22 30 40 39 6 17 21 34 9 31
2 6 4 1 5 3
15 28 10 5 30 24 26 17 22 14 18 29 21 11 12 1 25 3 8 20 6 13 23 7 2 9 16 27 4 19
49 32 31 23 3 24 25 6 33 13 22 42 26 30 50 12 11 43 46 45 41 4 9 17 15 48 47 19 14 1 21 38 44 5 20 10 28 27 37 18 35 16 39 36 29 8 34 7 40 2
2 3 4 5 6 7 8 9 10 11 12 13 14 15 16 17 18 19 20 21 22 23 24 25 26 27 28 29 30 31 32 33 34 35 36 37 38 39 40 41 42 43 44 45 46 47 48 49 50 1
24 13 21 9 32 1 30 15 20 6 25 8 34 12 33 3 23 10 31 7 26 2 27 14 19 16 17 18 11 29 5 28 4 22
4 10 7 12 1 11 9 6 8 2 3 5
4 1 48 42 41 39 40 34 33 31 30 36 35 37 38 44 43 45 46 47 11 13 14 20 19 21 22 28 27 29 32 26 25 23 24 18 17 15 16 10 9 12 6 7 8 2 3 5
50 1 2 3 4 5 6 7 8 9 10 11 12 13 14 15 16 17 18 19 20 21 22 23 24 25 26 27 28 29 30 31 32 33 34 35 36 37 38 39 40 41 42 43 44 45 46 47 48 49
41 32 17 39 26 45 18 1 11 42 33 44 47 5 37 10 20 49 12 43 31 14 23 6 48 15 3 28 35 29 21 22 50 4 34 8 9 24 30 13 7 25 38 40 36 46 2 16 27 19
11 18 6 12 19 20 15 10 7 5 8 13 17 14 1 16 3 4 9 2
21 12 39 28 22 10 26 35 46 44 11 4 47 27 30 13 42 23 15 9 45 14 6 1 34 49 37 40 33 36 7 38 5 48 24 29 43 2 17 32 8 20 3 18 41 50 31 16 19 25
7 9 30 5 43 2 39 40 18 23 1 22 24 13 29 33 8 3 45 16 36 14 42 27 20 21 10 6 37 35 46 44 34 12 19 49 32 31 50 26 15 28 47 41 17 25 48 4 38 11
25 9 8 22 50 6 32 31 36 30 39 20 49 35 41 33 4 11 5 46 23 37 24 40 34 28 29 42 12 17 47 19 1 45 21 43 48 16 15 18 27 38 10 44 3 2 13 7 14 26
40 32 5 3 19 6 10 48 13 49 33 26 44 8 42 7 45 4 22 9 35 20 14 30 21 23 31 47 11 36 16 12 18 2 46 39 41 43 25 15 24 37 29 1 28 17 27 34 38 50
2 41 17 31 11 15 20 24 42 3 32 8 10 9 26 33 13 28 27 12 39 1 19 25 43 46 16 35 22 21 36 29 6 34 23 45 4 44 37 7 5 40 30 38 14 18
5 30 27 7 22 1 41 32 12 35 23 8 37 21 39 17 28 2 3 26 10 38 29 34 20 42 15 33 36 14 16 13 18 9 6 11 40 24 19 4 31 25
21 31 47 32 11 41 42 10 9 35 36 39 13 14 38 37 15 16 33 19 46 7 8 44 43 22 30 29 23 24 34 18 17 6 5 12 40 28 27 25 26 20 45 48 4 3 49 50 2 1
48 46 49 10 6 36 40 20 44 42 50 27 35 5 1 16 4 37 25 19 30 26 9 29 11 17 24 14 32 13 22 33 38 21 41 2 7 34 18 12 39 47 23 28 15 3 8 45 31 43
1 2 3 4 5 6 7 8 9 10 11 30 29 28 27 26 25 24 23 22 43 44 45 20 21 12 13 50 48 47 46 14 15 16 17 18 19 35 34 33 32 31 36 37 38 39 40 41 42 49
1 2 3 4 5 6 7 24 34 25 14 48 22 21 45 13 30 38 44 46 11 20 39 29 28 43 47 18 27 49 31 15 9 35 37 42 19 23 10 16 32 40 36 26 50 12 17 33 8 41
9 30 50 2 1 12 44 48 41 31 35 45 49 37 32 11 24 5 19 40 26 27 6 20 38 36 34 15 10 3 4 39 29 42 22 21 28 43 33 46 23 25 13 47 14 16 18 8 17 7
17 1 3 10 34 18 26 30 12 45 31 33 44 23 9 38 19 29 2 42 50 40 8 35 21 39 43 14 20 41 15 5 6 13 27 49 46 11 32 48 28 47 22 24 16 25 37 36 4 7
6 4 5 1 2 3
12 44 11 21 30 7 46 15 31 23 1 35 3 43 20 42 36 2 10 49 47 33 4 41 18 5 13 9 8 29 14 37 22 17 40 27 24 48 19 16 32 6 50 25 38 26 28 34 45 39
6 24 14 15 27 2 5 47 37 19 36 39 20 41 17 18 13 29 50 46 16 49 32 48 26 4 40 7 30 45 33 43 42 28 12 1 10 25 38 8 34 3 21 11 44 35 22 23 9 31
1 46 36 35 10 11 44 8 3 13 33 28 18 32 6 37 15 21 7 20 25 34 2 39 26 42 48 24 17 29 30 40 49 38 12 4 31 47 14 43 45 41 9 27 19 16 5 50 22 23
4 45 7 13 22 15 23 47 3 2 38 41 50 1 43 25 14 49 40 32 48 33 24 37 42 34 36 30 39 16 19 29 28 18 8 31 9 21 11 27 5 20 10 26 44 46 12 35 6 17
14 17 48 12 36 11 19 33 31 42 43 23 27 4 32 15 26 28 47 45 37 13 21 41 24 1 8 44 34 9 18 6 38 16 10 3 46 2 7 40 22 49 29 35 25 50 30 5 39 20
9 3 8 1 2 4 12 10 5 6 7 11
7 25 40 4 12 8 26 46 22 30 45 15 20 42 21 14 33 2 47 32 31 6 10 27 11 49 36 43 9 48 50 24 35 38 13 37 17 34 28 5 3 19 29 16 23 1 41 18 39 44
37 26 16 31 22 15 29 39 11 36 43 45 23 17 46 19 33 9 34 28 13 40 30 41 44 3 24 27 47 32 18 21 20 10 1 42 38 2 50 49 6 8 4 14 7 5 12 35 48 25
45 49 31 20 12 4 38 42 28 7 8 2 34 48 32 23 25 17 29 39 41 18 21 19 43 47 13 5 11 33 46 36 6 24 30 44 50 15 14 16 37 27 10 22 9 35 40 26 3 1
29 15 3 13 30 31 37 40 38 12 36 7 20 21 5 4 46 11 39 16 50 1 17 47 35 14 26 24 33 41 18 49 19 22 45 9 25 34 2 8 6 43 42 23 10 28 27 32 48 44
2 17 7 11 31 6 23 26 46 20 33 12 24 49 32 50 35 16 9 10 39 22 27 47 25 37 3 4 30 29 40 28 1 13 21 5 43 36 18 41 15 48 45 8 14 38 44 19 42 34
25 14 40 8 5 49 24 50 9 28 16 31 18 29 20 6 32 37 30 17 43 22 13 1 48 38 36 45 39 21 19 12 2 47 42 4 15 7 26 27 33 41 35 44 46 3 23 10 34 11
39 41 4 37 35 5 49 31 45 24 20 27 34 16 15 50 3 22 6 38 48 32 44 1 21 19 33 36 25 10 29 28 2 11 30 8 46 26 13 12 42 18 43 40 23 7 47 17 9 14
12 40 37 47 17 35 23 8 25 27 49 30 48 28 39 19 45 9 33 20 1 24 14 42 2 15 44 3 38 50 18 32 21 16 10 13 36 6 11 29 7 31 22 34 26 41 43 4 5 46
13 1 14 7 8 3 5 9 11 10 6 12 2 4
12 15 19 3 4 7 9 16 8 17 13 1 14 6 5 10 18 2 11 20
2 15 16 13 8 6 14 5 7 12 4 1 3 9 10 11
9 15 4 29 33 2 28 27 21 12 10 8 6 5 16 37 36 35 7 22 13 30 38 39 40 18 20 19 11 23 25 26 17 14 32 3 24 34 31 1
41 23 32 47 20 40 37 45 22 27 50 7 4 12 35 14 13 46 30 31 38 9 24 3 25 48 6 21 44 8 28 16 49 36 43 2 29 17 15 26 33 34 5 10 18 1 42 19 11 39
45 23 20 30 39 28 9 42 12 24 17 11 6 14 41 35 15 46 13 31 4 49 5 29 32 25 8 18 50 21 22 7 16 19 10 26 33 38 44 40 3 43 36 1 48 2 34 37 47 27
1 2 3 4 5 6 7 8 9 10 11 12 13 14 15 16 17 18 19 20 21 22 23 24 25 26 27 28 29 30 31 32 33 34 35 36 37 38 39 40 41 42 43 44 45 46 47 48
1 2 3 4 5 6 7 8 9 10 11 12 13 14 15 16 17 18 19 20 21 22 23 24 25 26 27 28 29 30 31 32 33 34 35 36 37 38 39 40 41 42 43 44 45 46 47 48 49 50
25 24 23 22 26 27 28 29 1 31 32 20 21 19 18 17 16 15 14 13 12 11 10 9 37 7 6 5 3 4 2 30 50 46 48 47 49 45 44 43 42 41 40 39 38 33 34 35 36 8
28 42 40 2 8 17 50 21 4 13 31 43 3 6 27 38 48 5 26 36 7 18 24 41 20 10 39 22 44 15 45 30 16 37 46 14 47 12 34 9 29 19 33 35 1 32 25 23 49 11
12 11 8 29 23 30 28 40 38 41 18 10 31 36 27 1 16 24 19 9 42 25 37 39 47 48 46 13 4 44 21 45 3 22 33 15 35 17 26 6 7 32 20 43 14 2 34 5
6 49 21 30 39 29 33 40 41 15 14 27 1 19 17 10 35 26 46 8 7 16 50 22 38 12 32 4 47 23 13 2 28 42 48 36 37 43 24 25 11 45 5 9 34 18 44 20 3 31
11 32 17 37 6 40 26 29 48 19 33 28 9 10 12 34 25 27 8 2 21 18 49 44 50 38 23 24 41 45 43 39 35 47 31 5 3 7 1 42 36 14 22 15 46 4 13 30 20 16
6 5 15 40 41 19 35 17 28 16 46 14 21 13 3 23 4 22 12 39 11 49 27 33 44 9 26 29 32 24 45 31 20 37 34 7 47 50 10 42 36 38 48 2 18 1 30 8 25 43
13 26 50 1 12 41 6 24 46 35 5 36 42 14 32 16 49 29 10 11 22 17 30 7 33 47 39 27 43 8 21 40 23 19 2 44 20 9 3 18 37 28 15 4 48 31 34 38 25 45
6 34 5 28 42 16 40 27 48 29 49 43 32 9 11 23 50 26 15 31 44 25 39 10 14 30 3 1 7 2 35 46 8 41 13 47 21 20 12 37 38 24 19 45 4 18 22 36 33 17
2 1 4 6 3 5
11 9 34 22 12 37 28 18 30 46 26 14 3 33 41 38 27 15 47 24 4 16 44 31 5 19 1 6 39 23 10 7 42 32 17 20 48 50 40 29 2 36 43 21 8 25 49 35 45 13
7 4 8 6 11 12 10 2 3 5 1 9
9 6 7 8 14 13 12 11 10 5 4 1 2 3 23 24 20 19 18 22 21 17 16 15
21 4 48 32 49 25 19 30 27 10 44 11 37 16 23 7 18 26 40 34 2 17 39 46 13 9 22 6 20 36 15 14 24 8 43 31 1 33 3 28 29 42 47 45 38 41 12 5 50 35
18 24 49 25 21 26 39 7 34 32 14 37 44 10 38 48 36 6 11 40 19 9 13 15 43 35 29 50 3 27 23 4 20 41 30 8 31 28 22 2 1 42 12 16 46 17 5 47 33 45
19 10 8 20 47 37 45 46 2 23 39 16 14 21 4 35 38 5 24 36 41 32 6 1 33 31 27 42 34 12 22 29 28 25 13 18 15 3 11 48 9 26 40 7 30 43 17 44 49 50
36 33 24 30 17 20 9 43 45 49 35 23 7 18 50 5 28 19 41 29 1 48 22 4 40 46 12 37 44 38 47 13 15 11 31 2 16 39 3 6 32 21 26 27 10 8 34 25 42 14
2 3 4 5 6 7 8 9 10 11 12 13 14 15 16 17 18 19 20 21 22 23 24 25 26 27 28 29 30 31 32 33 34 35 36 37 38 39 40 41 42 43 44 45 46 47 48 1
17 22 11 21 31 6 18 12 1 46 9 41 38 24 13 48 23 34 15 7 27 45 36 20 5 25 26 35 40 30 29 42 44 4 39 47 16 2 28 43 3 33 49 50 14 37 32 10 8 19
1 15 44 16 36 45 34 19 8 12 37 33 41 24 40 17 5 49 43 7 27 26 31 4 14 47 6 21 29 20 25 10 46 13 42 11 2 39 9 50 23 22 18 38 28 30 3 32 48 35
3 7 2 8 5 1 6 4
